{"/home/egi/src/fastify-app/__int__test__/setupTestEnv.js": {"path":"/home/egi/src/fastify-app/__int__test__/setupTestEnv.js","statementMap":{"0":{"start":{"line":1,"column":18},"end":{"line":1,"column":39}},"1":{"start":{"line":4,"column":2},"end":{"line":4,"column":90}},"2":{"start":{"line":6,"column":25},"end":{"line":6,"column":48}},"3":{"start":{"line":9,"column":2},"end":{"line":9,"column":60}},"4":{"start":{"line":11,"column":0},"end":{"line":46,"column":2}},"5":{"start":{"line":12,"column":14},"end":{"line":21,"column":3}},"6":{"start":{"line":22,"column":2},"end":{"line":26,"column":5}},"7":{"start":{"line":23,"column":4},"end":{"line":23,"column":22}},"8":{"start":{"line":24,"column":4},"end":{"line":24,"column":39}},"9":{"start":{"line":25,"column":4},"end":{"line":25,"column":41}},"10":{"start":{"line":28,"column":2},"end":{"line":35,"column":5}},"11":{"start":{"line":29,"column":4},"end":{"line":34,"column":7}},"12":{"start":{"line":37,"column":2},"end":{"line":39,"column":5}},"13":{"start":{"line":38,"column":4},"end":{"line":38,"column":38}},"14":{"start":{"line":41,"column":2},"end":{"line":43,"column":5}},"15":{"start":{"line":42,"column":4},"end":{"line":42,"column":16}},"16":{"start":{"line":45,"column":2},"end":{"line":45,"column":13}}},"fnMap":{"0":{"name":"setupTestEnv","decl":{"start":{"line":11,"column":26},"end":{"line":11,"column":38}},"loc":{"start":{"line":11,"column":41},"end":{"line":46,"column":1}},"line":11},"1":{"name":"(anonymous_1)","decl":{"start":{"line":22,"column":12},"end":{"line":22,"column":13}},"loc":{"start":{"line":22,"column":24},"end":{"line":26,"column":3}},"line":22},"2":{"name":"(anonymous_2)","decl":{"start":{"line":28,"column":13},"end":{"line":28,"column":14}},"loc":{"start":{"line":28,"column":25},"end":{"line":35,"column":3}},"line":28},"3":{"name":"(anonymous_3)","decl":{"start":{"line":37,"column":12},"end":{"line":37,"column":13}},"loc":{"start":{"line":37,"column":24},"end":{"line":39,"column":3}},"line":37},"4":{"name":"(anonymous_4)","decl":{"start":{"line":41,"column":11},"end":{"line":41,"column":12}},"loc":{"start":{"line":41,"column":23},"end":{"line":43,"column":3}},"line":41}},"branchMap":{},"s":{"0":1,"1":1,"2":1,"3":1,"4":1,"5":1,"6":1,"7":1,"8":1,"9":0,"10":1,"11":0,"12":1,"13":1,"14":1,"15":1,"16":1},"f":{"0":1,"1":1,"2":0,"3":1,"4":1},"b":{},"_coverageSchema":"1a1c01bbd47fc00a2c39e90264f33305004495a9","hash":"1870b002050e7887ce8ec30ab24fcf8993b9689f"}
,"/home/egi/src/fastify-app/src/Todo.js": {"path":"/home/egi/src/fastify-app/src/Todo.js","statementMap":{"0":{"start":{"line":1,"column":12},"end":{"line":5,"column":1}},"1":{"start":{"line":7,"column":0},"end":{"line":7,"column":23}}},"fnMap":{},"branchMap":{},"s":{"0":1,"1":1},"f":{},"b":{},"_coverageSchema":"1a1c01bbd47fc00a2c39e90264f33305004495a9","hash":"0f02c6ee071c6308ca0e1d444018027087e02f26"}
,"/home/egi/src/fastify-app/src/app.js": {"path":"/home/egi/src/fastify-app/src/app.js","statementMap":{"0":{"start":{"line":1,"column":16},"end":{"line":1,"column":34}},"1":{"start":{"line":2,"column":23},"end":{"line":2,"column":50}},"2":{"start":{"line":3,"column":24},"end":{"line":3,"column":52}},"3":{"start":{"line":5,"column":22},"end":{"line":5,"column":46}},"4":{"start":{"line":6,"column":25},"end":{"line":6,"column":52}},"5":{"start":{"line":8,"column":14},"end":{"line":15,"column":1}},"6":{"start":{"line":9,"column":14},"end":{"line":9,"column":27}},"7":{"start":{"line":10,"column":2},"end":{"line":10,"column":45}},"8":{"start":{"line":11,"column":2},"end":{"line":11,"column":43}},"9":{"start":{"line":12,"column":2},"end":{"line":12,"column":45}},"10":{"start":{"line":13,"column":2},"end":{"line":13,"column":48}},"11":{"start":{"line":14,"column":2},"end":{"line":14,"column":13}},"12":{"start":{"line":17,"column":0},"end":{"line":17,"column":27}}},"fnMap":{"0":{"name":"(anonymous_0)","decl":{"start":{"line":8,"column":14},"end":{"line":8,"column":15}},"loc":{"start":{"line":8,"column":64},"end":{"line":15,"column":1}},"line":8}},"branchMap":{"0":{"loc":{"start":{"line":8,"column":15},"end":{"line":8,"column":24}},"type":"default-arg","locations":[{"start":{"line":8,"column":22},"end":{"line":8,"column":24}}],"line":8},"1":{"loc":{"start":{"line":8,"column":26},"end":{"line":8,"column":41}},"type":"default-arg","locations":[{"start":{"line":8,"column":39},"end":{"line":8,"column":41}}],"line":8},"2":{"loc":{"start":{"line":8,"column":43},"end":{"line":8,"column":59}},"type":"default-arg","locations":[{"start":{"line":8,"column":57},"end":{"line":8,"column":59}}],"line":8}},"s":{"0":1,"1":1,"2":1,"3":1,"4":1,"5":1,"6":1,"7":1,"8":1,"9":1,"10":1,"11":1,"12":1},"f":{"0":1},"b":{"0":[0],"1":[0],"2":[0]},"_coverageSchema":"1a1c01bbd47fc00a2c39e90264f33305004495a9","hash":"8bb7dbb9a650b51c2b9c97e725c04c723b25141d"}
,"/home/egi/src/fastify-app/src/controllers/todos.js": {"path":"/home/egi/src/fastify-app/src/controllers/todos.js","statementMap":{"0":{"start":{"line":1,"column":12},"end":{"line":1,"column":30}},"1":{"start":{"line":3,"column":17},"end":{"line":5,"column":1}},"2":{"start":{"line":4,"column":2},"end":{"line":4,"column":20}},"3":{"start":{"line":7,"column":16},"end":{"line":11,"column":1}},"4":{"start":{"line":8,"column":17},"end":{"line":8,"column":31}},"5":{"start":{"line":9,"column":15},"end":{"line":9,"column":51}},"6":{"start":{"line":9,"column":36},"end":{"line":9,"column":50}},"7":{"start":{"line":10,"column":2},"end":{"line":10,"column":19}},"8":{"start":{"line":13,"column":17},"end":{"line":22,"column":1}},"9":{"start":{"line":14,"column":32},"end":{"line":14,"column":44}},"10":{"start":{"line":15,"column":15},"end":{"line":19,"column":3}},"11":{"start":{"line":20,"column":2},"end":{"line":20,"column":19}},"12":{"start":{"line":21,"column":2},"end":{"line":21,"column":29}},"13":{"start":{"line":24,"column":20},"end":{"line":31,"column":1}},"14":{"start":{"line":25,"column":17},"end":{"line":25,"column":31}},"15":{"start":{"line":26,"column":32},"end":{"line":26,"column":44}},"16":{"start":{"line":27,"column":15},"end":{"line":27,"column":51}},"17":{"start":{"line":27,"column":36},"end":{"line":27,"column":50}},"18":{"start":{"line":28,"column":2},"end":{"line":28,"column":19}},"19":{"start":{"line":29,"column":2},"end":{"line":29,"column":33}},"20":{"start":{"line":30,"column":2},"end":{"line":30,"column":19}},"21":{"start":{"line":33,"column":19},"end":{"line":37,"column":1}},"22":{"start":{"line":34,"column":17},"end":{"line":34,"column":31}},"23":{"start":{"line":35,"column":2},"end":{"line":35,"column":49}},"24":{"start":{"line":35,"column":33},"end":{"line":35,"column":47}},"25":{"start":{"line":36,"column":2},"end":{"line":36,"column":45}},"26":{"start":{"line":39,"column":0},"end":{"line":45,"column":2}}},"fnMap":{"0":{"name":"(anonymous_0)","decl":{"start":{"line":3,"column":17},"end":{"line":3,"column":18}},"loc":{"start":{"line":3,"column":37},"end":{"line":5,"column":1}},"line":3},"1":{"name":"(anonymous_1)","decl":{"start":{"line":7,"column":16},"end":{"line":7,"column":17}},"loc":{"start":{"line":7,"column":36},"end":{"line":11,"column":1}},"line":7},"2":{"name":"(anonymous_2)","decl":{"start":{"line":9,"column":26},"end":{"line":9,"column":27}},"loc":{"start":{"line":9,"column":36},"end":{"line":9,"column":50}},"line":9},"3":{"name":"(anonymous_3)","decl":{"start":{"line":13,"column":17},"end":{"line":13,"column":18}},"loc":{"start":{"line":13,"column":37},"end":{"line":22,"column":1}},"line":13},"4":{"name":"(anonymous_4)","decl":{"start":{"line":24,"column":20},"end":{"line":24,"column":21}},"loc":{"start":{"line":24,"column":40},"end":{"line":31,"column":1}},"line":24},"5":{"name":"(anonymous_5)","decl":{"start":{"line":27,"column":26},"end":{"line":27,"column":27}},"loc":{"start":{"line":27,"column":36},"end":{"line":27,"column":50}},"line":27},"6":{"name":"(anonymous_6)","decl":{"start":{"line":33,"column":19},"end":{"line":33,"column":20}},"loc":{"start":{"line":33,"column":39},"end":{"line":37,"column":1}},"line":33},"7":{"name":"(anonymous_7)","decl":{"start":{"line":35,"column":23},"end":{"line":35,"column":24}},"loc":{"start":{"line":35,"column":33},"end":{"line":35,"column":47}},"line":35}},"branchMap":{},"s":{"0":1,"1":1,"2":0,"3":1,"4":0,"5":0,"6":0,"7":0,"8":1,"9":0,"10":0,"11":0,"12":0,"13":1,"14":0,"15":0,"16":0,"17":0,"18":0,"19":0,"20":0,"21":1,"22":0,"23":0,"24":0,"25":0,"26":1},"f":{"0":0,"1":0,"2":0,"3":0,"4":0,"5":0,"6":0,"7":0},"b":{},"_coverageSchema":"1a1c01bbd47fc00a2c39e90264f33305004495a9","hash":"af66899f359ff7efa705c1df099f28fb07b1ea58"}
,"/home/egi/src/fastify-app/src/routes/todo.js": {"path":"/home/egi/src/fastify-app/src/routes/todo.js","statementMap":{"0":{"start":{"line":7,"column":4},"end":{"line":7,"column":35}},"1":{"start":{"line":9,"column":13},"end":{"line":22,"column":1}},"2":{"start":{"line":24,"column":21},"end":{"line":34,"column":1}},"3":{"start":{"line":36,"column":20},"end":{"line":43,"column":1}},"4":{"start":{"line":45,"column":21},"end":{"line":60,"column":1}},"5":{"start":{"line":62,"column":23},"end":{"line":81,"column":1}},"6":{"start":{"line":83,"column":23},"end":{"line":95,"column":1}},"7":{"start":{"line":97,"column":18},"end":{"line":109,"column":1}},"8":{"start":{"line":98,"column":2},"end":{"line":98,"column":33}},"9":{"start":{"line":100,"column":2},"end":{"line":100,"column":35}},"10":{"start":{"line":102,"column":2},"end":{"line":102,"column":34}},"11":{"start":{"line":104,"column":2},"end":{"line":104,"column":38}},"12":{"start":{"line":106,"column":2},"end":{"line":106,"column":41}},"13":{"start":{"line":108,"column":2},"end":{"line":108,"column":9}},"14":{"start":{"line":111,"column":0},"end":{"line":111,"column":31}}},"fnMap":{"0":{"name":"(anonymous_0)","decl":{"start":{"line":97,"column":18},"end":{"line":97,"column":19}},"loc":{"start":{"line":97,"column":46},"end":{"line":109,"column":1}},"line":97}},"branchMap":{},"s":{"0":1,"1":1,"2":1,"3":1,"4":1,"5":1,"6":1,"7":1,"8":1,"9":1,"10":1,"11":1,"12":1,"13":1,"14":1},"f":{"0":1},"b":{},"_coverageSchema":"1a1c01bbd47fc00a2c39e90264f33305004495a9","hash":"9190b6527890f31ddf963d81bb89c6a12708f77e"}
,"/home/egi/src/fastify-app/src/routes/v2/todo.js": {"path":"/home/egi/src/fastify-app/src/routes/v2/todo.js","statementMap":{"0":{"start":{"line":1,"column":12},"end":{"line":1,"column":33}},"1":{"start":{"line":3,"column":13},"end":{"line":16,"column":1}},"2":{"start":{"line":18,"column":21},"end":{"line":40,"column":1}},"3":{"start":{"line":42,"column":20},"end":{"line":60,"column":1}},"4":{"start":{"line":62,"column":21},"end":{"line":76,"column":1}},"5":{"start":{"line":78,"column":23},"end":{"line":96,"column":1}},"6":{"start":{"line":98,"column":23},"end":{"line":109,"column":1}},"7":{"start":{"line":111,"column":21},"end":{"line":179,"column":1}},"8":{"start":{"line":112,"column":2},"end":{"line":119,"column":5}},"9":{"start":{"line":113,"column":4},"end":{"line":118,"column":5}},"10":{"start":{"line":114,"column":23},"end":{"line":114,"column":68}},"11":{"start":{"line":115,"column":6},"end":{"line":115,"column":23}},"12":{"start":{"line":117,"column":6},"end":{"line":117,"column":24}},"13":{"start":{"line":121,"column":2},"end":{"line":134,"column":5}},"14":{"start":{"line":122,"column":4},"end":{"line":133,"column":5}},"15":{"start":{"line":123,"column":21},"end":{"line":123,"column":35}},"16":{"start":{"line":124,"column":23},"end":{"line":127,"column":7}},"17":{"start":{"line":128,"column":6},"end":{"line":128,"column":26}},"18":{"start":{"line":130,"column":6},"end":{"line":130,"column":24}},"19":{"start":{"line":132,"column":6},"end":{"line":132,"column":23}},"20":{"start":{"line":136,"column":2},"end":{"line":151,"column":5}},"21":{"start":{"line":137,"column":4},"end":{"line":150,"column":5}},"22":{"start":{"line":138,"column":21},"end":{"line":138,"column":47}},"23":{"start":{"line":139,"column":36},"end":{"line":139,"column":48}},"24":{"start":{"line":140,"column":23},"end":{"line":143,"column":7}},"25":{"start":{"line":145,"column":6},"end":{"line":145,"column":36}},"26":{"start":{"line":147,"column":6},"end":{"line":147,"column":24}},"27":{"start":{"line":149,"column":6},"end":{"line":149,"column":23}},"28":{"start":{"line":153,"column":2},"end":{"line":166,"column":5}},"29":{"start":{"line":154,"column":4},"end":{"line":165,"column":5}},"30":{"start":{"line":155,"column":21},"end":{"line":155,"column":35}},"31":{"start":{"line":156,"column":36},"end":{"line":156,"column":48}},"32":{"start":{"line":157,"column":23},"end":{"line":160,"column":7}},"33":{"start":{"line":162,"column":6},"end":{"line":162,"column":26}},"34":{"start":{"line":164,"column":6},"end":{"line":164,"column":24}},"35":{"start":{"line":168,"column":2},"end":{"line":176,"column":5}},"36":{"start":{"line":169,"column":4},"end":{"line":175,"column":5}},"37":{"start":{"line":170,"column":21},"end":{"line":170,"column":35}},"38":{"start":{"line":171,"column":6},"end":{"line":171,"column":68}},"39":{"start":{"line":172,"column":6},"end":{"line":172,"column":57}},"40":{"start":{"line":174,"column":6},"end":{"line":174,"column":24}},"41":{"start":{"line":178,"column":2},"end":{"line":178,"column":9}},"42":{"start":{"line":181,"column":0},"end":{"line":181,"column":34}}},"fnMap":{"0":{"name":"(anonymous_0)","decl":{"start":{"line":111,"column":21},"end":{"line":111,"column":22}},"loc":{"start":{"line":111,"column":55},"end":{"line":179,"column":1}},"line":111},"1":{"name":"(anonymous_1)","decl":{"start":{"line":112,"column":33},"end":{"line":112,"column":34}},"loc":{"start":{"line":112,"column":59},"end":{"line":119,"column":3}},"line":112},"2":{"name":"(anonymous_2)","decl":{"start":{"line":121,"column":35},"end":{"line":121,"column":36}},"loc":{"start":{"line":121,"column":61},"end":{"line":134,"column":3}},"line":121},"3":{"name":"(anonymous_3)","decl":{"start":{"line":136,"column":34},"end":{"line":136,"column":35}},"loc":{"start":{"line":136,"column":60},"end":{"line":151,"column":3}},"line":136},"4":{"name":"(anonymous_4)","decl":{"start":{"line":153,"column":38},"end":{"line":153,"column":39}},"loc":{"start":{"line":153,"column":64},"end":{"line":166,"column":3}},"line":153},"5":{"name":"(anonymous_5)","decl":{"start":{"line":168,"column":25},"end":{"line":168,"column":26}},"loc":{"start":{"line":168,"column":51},"end":{"line":176,"column":3}},"line":168}},"branchMap":{},"s":{"0":1,"1":1,"2":1,"3":1,"4":1,"5":1,"6":1,"7":1,"8":1,"9":0,"10":0,"11":0,"12":0,"13":1,"14":0,"15":0,"16":0,"17":0,"18":0,"19":0,"20":1,"21":0,"22":0,"23":0,"24":0,"25":0,"26":0,"27":0,"28":1,"29":0,"30":0,"31":0,"32":0,"33":0,"34":0,"35":1,"36":0,"37":0,"38":0,"39":0,"40":0,"41":1,"42":1},"f":{"0":1,"1":0,"2":0,"3":0,"4":0,"5":0},"b":{},"_coverageSchema":"1a1c01bbd47fc00a2c39e90264f33305004495a9","hash":"2adf0e38e16044c630221933addec4dab733d92e"}
,"/home/egi/src/fastify-app/src/utils/vatCalculator.js": {"path":"/home/egi/src/fastify-app/src/utils/vatCalculator.js","statementMap":{"0":{"start":{"line":1,"column":22},"end":{"line":11,"column":1}},"1":{"start":{"line":3,"column":4},"end":{"line":3,"column":51}},"2":{"start":{"line":6,"column":4},"end":{"line":6,"column":51}},"3":{"start":{"line":9,"column":4},"end":{"line":9,"column":55}},"4":{"start":{"line":13,"column":0},"end":{"line":13,"column":31}}},"fnMap":{"0":{"name":"(anonymous_0)","decl":{"start":{"line":2,"column":16},"end":{"line":2,"column":17}},"loc":{"start":{"line":2,"column":31},"end":{"line":4,"column":3}},"line":2},"1":{"name":"(anonymous_1)","decl":{"start":{"line":5,"column":24},"end":{"line":5,"column":25}},"loc":{"start":{"line":5,"column":39},"end":{"line":7,"column":3}},"line":5},"2":{"name":"(anonymous_2)","decl":{"start":{"line":8,"column":22},"end":{"line":8,"column":23}},"loc":{"start":{"line":8,"column":39},"end":{"line":10,"column":3}},"line":8}},"branchMap":{},"s":{"0":1,"1":1,"2":1,"3":1,"4":1},"f":{"0":1,"1":1,"2":1},"b":{},"_coverageSchema":"1a1c01bbd47fc00a2c39e90264f33305004495a9","hash":"8e0cc1ffdb218ad71e8af3d2251e2bc2055960fd"}
}
