TN:
SF:__int__test__/setupTestEnv.js
FN:11,setupTestEnv
FN:22,(anonymous_1)
FN:28,(anonymous_2)
FN:37,(anonymous_3)
FN:41,(anonymous_4)
FNF:5
FNH:4
FNDA:1,setupTestEnv
FNDA:1,(anonymous_1)
FNDA:0,(anonymous_2)
FNDA:1,(anonymous_3)
FNDA:1,(anonymous_4)
DA:1,1
DA:4,1
DA:6,1
DA:9,1
DA:11,1
DA:12,1
DA:22,1
DA:23,1
DA:24,1
DA:25,0
DA:28,1
DA:29,0
DA:37,1
DA:38,1
DA:41,1
DA:42,1
DA:45,1
LF:17
LH:15
BRF:0
BRH:0
end_of_record
TN:
SF:src/Todo.js
FNF:0
FNH:0
DA:1,1
DA:7,1
LF:2
LH:2
BRF:0
BRH:0
end_of_record
TN:
SF:src/app.js
FN:8,(anonymous_0)
FNF:1
FNH:1
FNDA:1,(anonymous_0)
DA:1,1
DA:2,1
DA:3,1
DA:5,1
DA:6,1
DA:8,1
DA:9,1
DA:10,1
DA:11,1
DA:12,1
DA:13,1
DA:14,1
DA:17,1
LF:13
LH:13
BRDA:8,0,0,0
BRDA:8,1,0,0
BRDA:8,2,0,0
BRF:3
BRH:0
end_of_record
TN:
SF:src/controllers/todos.js
FN:3,(anonymous_0)
FN:7,(anonymous_1)
FN:9,(anonymous_2)
FN:13,(anonymous_3)
FN:24,(anonymous_4)
FN:27,(anonymous_5)
FN:33,(anonymous_6)
FN:35,(anonymous_7)
FNF:8
FNH:0
FNDA:0,(anonymous_0)
FNDA:0,(anonymous_1)
FNDA:0,(anonymous_2)
FNDA:0,(anonymous_3)
FNDA:0,(anonymous_4)
FNDA:0,(anonymous_5)
FNDA:0,(anonymous_6)
FNDA:0,(anonymous_7)
DA:1,1
DA:3,1
DA:4,0
DA:7,1
DA:8,0
DA:9,0
DA:10,0
DA:13,1
DA:14,0
DA:15,0
DA:20,0
DA:21,0
DA:24,1
DA:25,0
DA:26,0
DA:27,0
DA:28,0
DA:29,0
DA:30,0
DA:33,1
DA:34,0
DA:35,0
DA:36,0
DA:39,1
LF:24
LH:7
BRF:0
BRH:0
end_of_record
TN:
SF:src/routes/todo.js
FN:97,(anonymous_0)
FNF:1
FNH:1
FNDA:1,(anonymous_0)
DA:7,1
DA:9,1
DA:24,1
DA:36,1
DA:45,1
DA:62,1
DA:83,1
DA:97,1
DA:98,1
DA:100,1
DA:102,1
DA:104,1
DA:106,1
DA:108,1
DA:111,1
LF:15
LH:15
BRF:0
BRH:0
end_of_record
TN:
SF:src/routes/v2/todo.js
FN:111,(anonymous_0)
FN:112,(anonymous_1)
FN:121,(anonymous_2)
FN:136,(anonymous_3)
FN:153,(anonymous_4)
FN:168,(anonymous_5)
FNF:6
FNH:1
FNDA:1,(anonymous_0)
FNDA:0,(anonymous_1)
FNDA:0,(anonymous_2)
FNDA:0,(anonymous_3)
FNDA:0,(anonymous_4)
FNDA:0,(anonymous_5)
DA:1,1
DA:3,1
DA:18,1
DA:42,1
DA:62,1
DA:78,1
DA:98,1
DA:111,1
DA:112,1
DA:113,0
DA:114,0
DA:115,0
DA:117,0
DA:121,1
DA:122,0
DA:123,0
DA:124,0
DA:128,0
DA:130,0
DA:132,0
DA:136,1
DA:137,0
DA:138,0
DA:139,0
DA:140,0
DA:145,0
DA:147,0
DA:149,0
DA:153,1
DA:154,0
DA:155,0
DA:156,0
DA:157,0
DA:162,0
DA:164,0
DA:168,1
DA:169,0
DA:170,0
DA:171,0
DA:172,0
DA:174,0
DA:178,1
DA:181,1
LF:43
LH:15
BRF:0
BRH:0
end_of_record
TN:
SF:src/utils/vatCalculator.js
FN:2,(anonymous_0)
FN:5,(anonymous_1)
FN:8,(anonymous_2)
FNF:3
FNH:3
FNDA:1,(anonymous_0)
FNDA:1,(anonymous_1)
FNDA:1,(anonymous_2)
DA:1,1
DA:3,1
DA:6,1
DA:9,1
DA:13,1
LF:5
LH:5
BRF:0
BRH:0
end_of_record
